<?xml version="1.0" encoding="UTF-8"?>
<testng-results skipped="0" failed="1" ignored="0" total="1" passed="0">
  <reporter-output>
  </reporter-output>
  <suite name="Default suite" duration-ms="59" started-at="2019-09-25T03:54:16Z" finished-at="2019-09-25T03:54:16Z">
    <groups>
    </groups>
    <test name="Default test" duration-ms="59" started-at="2019-09-25T03:54:16Z" finished-at="2019-09-25T03:54:16Z">
      <class name="DriverFactory.AppTest">
        <test-method status="FAIL" signature="kickStart()[pri:0, instance:DriverFactory.AppTest@1753acfe]" name="kickStart" duration-ms="25" started-at="2019-09-25T03:54:16Z" finished-at="2019-09-25T03:54:16Z">
          <exception class="java.lang.Error">
            <message>
              <![CDATA[Unresolved compilation problems: 
The method openApplication(WebDriver) is undefined for the type FunctionLibrary
The method typeAction(WebDriver, String, String, String, String) in the type FunctionLibrary is not applicable for the arguments (WebDriver, String, String, String)
The method waitForElement(WebDriver, String, String, String) is undefined for the type FunctionLibrary
]]>
            </message>
            <full-stacktrace>
              <![CDATA[java.lang.Error: Unresolved compilation problems: 
The method openApplication(WebDriver) is undefined for the type FunctionLibrary
The method typeAction(WebDriver, String, String, String, String) in the type FunctionLibrary is not applicable for the arguments (WebDriver, String, String, String)
The method waitForElement(WebDriver, String, String, String) is undefined for the type FunctionLibrary

at DriverFactory.DriverScript.startTest(DriverScript.java:53)
at DriverFactory.AppTest.kickStart(AppTest.java:16)
at sun.reflect.NativeMethodAccessorImpl.invoke0(Native Method)
at sun.reflect.NativeMethodAccessorImpl.invoke(Unknown Source)
at sun.reflect.DelegatingMethodAccessorImpl.invoke(Unknown Source)
at java.lang.reflect.Method.invoke(Unknown Source)
at org.testng.internal.MethodInvocationHelper.invokeMethod(MethodInvocationHelper.java:124)
at org.testng.internal.Invoker.invokeMethod(Invoker.java:583)
at org.testng.internal.Invoker.invokeTestMethod(Invoker.java:719)
at org.testng.internal.Invoker.invokeTestMethods(Invoker.java:989)
at org.testng.internal.TestMethodWorker.invokeTestMethods(TestMethodWorker.java:125)
at org.testng.internal.TestMethodWorker.run(TestMethodWorker.java:109)
at org.testng.TestRunner.privateRun(TestRunner.java:648)
at org.testng.TestRunner.run(TestRunner.java:505)
at org.testng.SuiteRunner.runTest(SuiteRunner.java:455)
at org.testng.SuiteRunner.runSequentially(SuiteRunner.java:450)
at org.testng.SuiteRunner.privateRun(SuiteRunner.java:415)
at org.testng.SuiteRunner.run(SuiteRunner.java:364)
at org.testng.SuiteRunnerWorker.runSuite(SuiteRunnerWorker.java:52)
at org.testng.SuiteRunnerWorker.run(SuiteRunnerWorker.java:84)
at org.testng.TestNG.runSuitesSequentially(TestNG.java:1208)
at org.testng.TestNG.runSuitesLocally(TestNG.java:1137)
at org.testng.TestNG.runSuites(TestNG.java:1049)
at org.testng.TestNG.run(TestNG.java:1017)
at org.testng.remote.AbstractRemoteTestNG.run(AbstractRemoteTestNG.java:114)
at org.testng.remote.RemoteTestNG.initAndRun(RemoteTestNG.java:251)
at org.testng.remote.RemoteTestNG.main(RemoteTestNG.java:77)
]]>
            </full-stacktrace>
          </exception> <!-- java.lang.Error -->
          <reporter-output>
          </reporter-output>
        </test-method> <!-- kickStart -->
      </class> <!-- DriverFactory.AppTest -->
    </test> <!-- Default test -->
  </suite> <!-- Default suite -->
</testng-results>
